\BOOKMARK [1][-]{section.1}{Introduction}{}% 1
\BOOKMARK [1][-]{section.2}{Methods to Improve Text Entry User Experience}{}% 2
\BOOKMARK [2][-]{subsection.2.1}{Physical Keyboard Modification}{section.2}% 3
\BOOKMARK [2][-]{subsection.2.2}{Touch screen at the back}{section.2}% 4
\BOOKMARK [2][-]{subsection.2.3}{Adding Physical Feedback to Touchscreen}{section.2}% 5
\BOOKMARK [2][-]{subsection.2.4}{Touch Screen Keyboard Layout Modification}{section.2}% 6
\BOOKMARK [2][-]{subsection.2.5}{Touch Screen Keyboard Layout Modification For Smaller Devices}{section.2}% 7
\BOOKMARK [2][-]{subsection.2.6}{Hiding The Touch Screen Keyboard}{section.2}% 8
\BOOKMARK [2][-]{subsection.2.7}{Utilizing Gestures}{section.2}% 9
\BOOKMARK [2][-]{subsection.2.8}{Considering Postures}{section.2}% 10
\BOOKMARK [2][-]{subsection.2.9}{Algorithm Enhancement}{section.2}% 11
\BOOKMARK [2][-]{subsection.2.10}{Text Entry User Experience Improvement: Conclusion}{section.2}% 12
\BOOKMARK [1][-]{section.3}{Keyboard Evaluation}{}% 13
\BOOKMARK [2][-]{subsection.3.1}{Subjects}{section.3}% 14
\BOOKMARK [2][-]{subsection.3.2}{Phrase Sets}{section.3}% 15
\BOOKMARK [2][-]{subsection.3.3}{Speed}{section.3}% 16
\BOOKMARK [2][-]{subsection.3.4}{Error Rate}{section.3}% 17
\BOOKMARK [2][-]{subsection.3.5}{Workload}{section.3}% 18
\BOOKMARK [2][-]{subsection.3.6}{Subjective Rating}{section.3}% 19
\BOOKMARK [2][-]{subsection.3.7}{Learnability}{section.3}% 20
\BOOKMARK [2][-]{subsection.3.8}{Touch Points Analysis}{section.3}% 21
